0 info it worked if it ends with ok
1 verbose cli [ 'C:\\Program Files\\nodejs\\node.exe',
1 verbose cli   'C:\\Program Files\\nodejs\\node_modules\\npm\\bin\\npm-cli.js',
1 verbose cli   'run',
1 verbose cli   'build' ]
2 info using npm@3.10.7
3 info using node@v6.5.0
4 verbose run-script [ 'prebuild', 'build', 'postbuild' ]
5 info lifecycle ps-redux@1.0.0~prebuild: ps-redux@1.0.0
6 verbose lifecycle ps-redux@1.0.0~prebuild: unsafe-perm in lifecycle true
7 verbose lifecycle ps-redux@1.0.0~prebuild: PATH: C:\Program Files\nodejs\node_modules\npm\bin\node-gyp-bin;E:\portfolio\React\ReactTestWork\node_modules\.bin;C:\Program Files\ConEmu;C:\Program Files\ConEmu\ConEmu;C:\ProgramData\Oracle\Java\javapath;C:\Windows\system32;C:\Windows;C:\Windows\System32\Wbem;C:\Windows\System32\WindowsPowerShell\v1.0\;C:\WebServers\usr\local\mysql5\bin;C:\Program Files (x86)\ATI Technologies\ATI.ACE\Core-Static;C:\Program Files (x86)\Windows Kits\8.0\Windows Performance Toolkit\;C:\Program Files (x86)\AMD\ATI.ACE\Core-Static;C:\HashiCorp\Vagrant\bin;C:\Program Files\Microsoft SQL Server\110\Tools\Binn\;C:\Program Files\Git\cmd;C:\Program Files (x86)\Skype\Phone\;C:\Users\Seva\.dnx\bin;C:\Program Files\Microsoft DNX\Dnvm\;C:\Program Files\OpenVPN\bin;C:\Program Files\TortoiseHg\;E:\cURL Temp Dir;C:\Program Files (x86)\PuTTY\;C:\Program Files\nodejs\;C:\Program Files\Java\apache-maven-3.3.9\bin;C:\Program Files\Java\jdk1.8.0_101\bin;C:\Ruby200-x64\bin;C:\Users\Seva\AppData\Roaming\npm
8 verbose lifecycle ps-redux@1.0.0~prebuild: CWD: E:\portfolio\React\ReactTestWork
9 silly lifecycle ps-redux@1.0.0~prebuild: Args: [ '/d /s /c', 'npm-run-all clean-dist build:html' ]
10 silly lifecycle ps-redux@1.0.0~prebuild: Returned: code: 0  signal: null
11 info lifecycle ps-redux@1.0.0~build: ps-redux@1.0.0
12 verbose lifecycle ps-redux@1.0.0~build: unsafe-perm in lifecycle true
13 verbose lifecycle ps-redux@1.0.0~build: PATH: C:\Program Files\nodejs\node_modules\npm\bin\node-gyp-bin;E:\portfolio\React\ReactTestWork\node_modules\.bin;C:\Program Files\ConEmu;C:\Program Files\ConEmu\ConEmu;C:\ProgramData\Oracle\Java\javapath;C:\Windows\system32;C:\Windows;C:\Windows\System32\Wbem;C:\Windows\System32\WindowsPowerShell\v1.0\;C:\WebServers\usr\local\mysql5\bin;C:\Program Files (x86)\ATI Technologies\ATI.ACE\Core-Static;C:\Program Files (x86)\Windows Kits\8.0\Windows Performance Toolkit\;C:\Program Files (x86)\AMD\ATI.ACE\Core-Static;C:\HashiCorp\Vagrant\bin;C:\Program Files\Microsoft SQL Server\110\Tools\Binn\;C:\Program Files\Git\cmd;C:\Program Files (x86)\Skype\Phone\;C:\Users\Seva\.dnx\bin;C:\Program Files\Microsoft DNX\Dnvm\;C:\Program Files\OpenVPN\bin;C:\Program Files\TortoiseHg\;E:\cURL Temp Dir;C:\Program Files (x86)\PuTTY\;C:\Program Files\nodejs\;C:\Program Files\Java\apache-maven-3.3.9\bin;C:\Program Files\Java\jdk1.8.0_101\bin;C:\Ruby200-x64\bin;C:\Users\Seva\AppData\Roaming\npm
14 verbose lifecycle ps-redux@1.0.0~build: CWD: E:\portfolio\React\ReactTestWork
15 silly lifecycle ps-redux@1.0.0~build: Args: [ '/d /s /c', 'babel-node tools/build.js' ]
16 silly lifecycle ps-redux@1.0.0~build: Returned: code: 0  signal: null
17 info lifecycle ps-redux@1.0.0~postbuild: ps-redux@1.0.0
18 verbose lifecycle ps-redux@1.0.0~postbuild: unsafe-perm in lifecycle true
19 verbose lifecycle ps-redux@1.0.0~postbuild: PATH: C:\Program Files\nodejs\node_modules\npm\bin\node-gyp-bin;E:\portfolio\React\ReactTestWork\node_modules\.bin;C:\Program Files\ConEmu;C:\Program Files\ConEmu\ConEmu;C:\ProgramData\Oracle\Java\javapath;C:\Windows\system32;C:\Windows;C:\Windows\System32\Wbem;C:\Windows\System32\WindowsPowerShell\v1.0\;C:\WebServers\usr\local\mysql5\bin;C:\Program Files (x86)\ATI Technologies\ATI.ACE\Core-Static;C:\Program Files (x86)\Windows Kits\8.0\Windows Performance Toolkit\;C:\Program Files (x86)\AMD\ATI.ACE\Core-Static;C:\HashiCorp\Vagrant\bin;C:\Program Files\Microsoft SQL Server\110\Tools\Binn\;C:\Program Files\Git\cmd;C:\Program Files (x86)\Skype\Phone\;C:\Users\Seva\.dnx\bin;C:\Program Files\Microsoft DNX\Dnvm\;C:\Program Files\OpenVPN\bin;C:\Program Files\TortoiseHg\;E:\cURL Temp Dir;C:\Program Files (x86)\PuTTY\;C:\Program Files\nodejs\;C:\Program Files\Java\apache-maven-3.3.9\bin;C:\Program Files\Java\jdk1.8.0_101\bin;C:\Ruby200-x64\bin;C:\Users\Seva\AppData\Roaming\npm
20 verbose lifecycle ps-redux@1.0.0~postbuild: CWD: E:\portfolio\React\ReactTestWork
21 silly lifecycle ps-redux@1.0.0~postbuild: Args: [ '/d /s /c', 'babel-node tools/distServer.js' ]
22 silly lifecycle ps-redux@1.0.0~postbuild: Returned: code: 1  signal: null
23 info lifecycle ps-redux@1.0.0~postbuild: Failed to exec postbuild script
24 verbose stack Error: ps-redux@1.0.0 postbuild: `babel-node tools/distServer.js`
24 verbose stack Exit status 1
24 verbose stack     at EventEmitter.<anonymous> (C:\Program Files\nodejs\node_modules\npm\lib\utils\lifecycle.js:255:16)
24 verbose stack     at emitTwo (events.js:106:13)
24 verbose stack     at EventEmitter.emit (events.js:191:7)
24 verbose stack     at ChildProcess.<anonymous> (C:\Program Files\nodejs\node_modules\npm\lib\utils\spawn.js:40:14)
24 verbose stack     at emitTwo (events.js:106:13)
24 verbose stack     at ChildProcess.emit (events.js:191:7)
24 verbose stack     at maybeClose (internal/child_process.js:877:16)
24 verbose stack     at Process.ChildProcess._handle.onexit (internal/child_process.js:226:5)
25 verbose pkgid ps-redux@1.0.0
26 verbose cwd E:\portfolio\React\ReactTestWork\tools
27 error Windows_NT 6.2.9200
28 error argv "C:\\Program Files\\nodejs\\node.exe" "C:\\Program Files\\nodejs\\node_modules\\npm\\bin\\npm-cli.js" "run" "build"
29 error node v6.5.0
30 error npm  v3.10.7
31 error code ELIFECYCLE
32 error ps-redux@1.0.0 postbuild: `babel-node tools/distServer.js`
32 error Exit status 1
33 error Failed at the ps-redux@1.0.0 postbuild script 'babel-node tools/distServer.js'.
33 error Make sure you have the latest version of node.js and npm installed.
33 error If you do, this is most likely a problem with the ps-redux package,
33 error not with npm itself.
33 error Tell the author that this fails on your system:
33 error     babel-node tools/distServer.js
33 error You can get information on how to open an issue for this project with:
33 error     npm bugs ps-redux
33 error Or if that isn't available, you can get their info via:
33 error     npm owner ls ps-redux
33 error There is likely additional logging output above.
34 verbose exit [ 1, true ]
